<?xml version="1.0" encoding="UTF-8"?>
<!-- Generated by org.testng.reporters.JUnitReportReporter -->
<testsuite skipped="0" hostname="SOYEBs-MacBook-Air.local" name="com.testngrunner.AmazonTestNGRunner" tests="1" failures="0" timestamp="28 Jul 2020 01:29:53 GMT" time="25.892" errors="0">
  <testcase name="feature" time="25.892" classname="com.testngrunner.AmazonTestNGRunner"/>
</testsuite> <!-- com.testngrunner.AmazonTestNGRunner -->
