<?xml version="1.0" encoding="UTF-8"?>
<!-- Generated by org.testng.reporters.JUnitReportReporter -->
<testsuite skipped="0" hostname="SOYEBs-MacBook-Air.local" name="com.testngrunner.TestNGRunner" tests="1" failures="0" timestamp="27 Jul 2020 21:07:44 GMT" time="54.346" errors="0">
  <testcase name="feature" time="54.346" classname="com.testngrunner.TestNGRunner"/>
</testsuite> <!-- com.testngrunner.TestNGRunner -->
